Terminal session started on gisapp-omf-01 at Fri, Oct 25, 2024  5:53:28 PM
[2024-10-25 17:53:29] Command: source terminal-logger.sh 
Terminal session resumed on gisapp-omf-01 at Fri, Oct 25, 2024  5:53:30 PM
[2024-10-25 17:53:30] Output: Logging enabled - all commands will be logged to /c/Users/A.A919579/Samantha/iamanarcpygenius/data/output/logs/terminal_gisapp-omf-01.log
[2024-10-25 17:53:43] Command: python -m scripts.cli verify
[2024-10-25 17:53:47] Output: 2024-10-25 17:53:47,484 - scripts.helpers.verify_setup - INFO - Starting environment verification...
[2024-10-25 17:53:48] Output: 2024-10-25 17:53:47,484 - scripts.helpers.verify_setup - INFO - Python version: 3.7.11
[2024-10-25 17:53:48] Output: 2024-10-25 17:53:47,484 - scripts.helpers.verify_setup - INFO - \u2713 arcpy (for ArcGIS installation)
[2024-10-25 17:53:48] Output: 2024-10-25 17:53:47,484 - scripts.helpers.verify_setup - INFO - \u2713 click (for CLI support)
[2024-10-25 17:53:48] Output: 2024-10-25 17:53:48,350 - scripts.helpers.verify_setup - INFO - \u2713 pandas (for Data processing)
[2024-10-25 17:53:49] Output: 2024-10-25 17:53:48,350 - scripts.helpers.verify_setup - INFO - \u2713 yaml (for Configuration)
[2024-10-25 17:53:49] Output: 2024-10-25 17:53:48,415 - scripts.helpers.verify_setup - ERROR - \u2717 pytest (for Testing)
[2024-10-25 17:53:49] Output: 2024-10-25 17:53:48,415 - scripts.helpers.verify_setup - INFO - \u2713 ArcPy environment configured successfully
[2024-10-25 17:53:49] Output: 2024-10-25 17:53:48,418 - scripts.helpers.verify_setup - INFO - \u2713 Directory exists: C:\Users\A.A919579\Samantha\iamanarcpygenius\data\input\mxd
[2024-10-25 17:53:49] Output: 2024-10-25 17:53:48,418 - scripts.helpers.verify_setup - INFO - \u2713 Directory exists: C:\Users\A.A919579\Samantha\iamanarcpygenius\data\input\aprx
[2024-10-25 17:53:50] Output: 2024-10-25 17:53:48,418 - scripts.helpers.verify_setup - INFO - \u2713 Directory exists: C:\Users\A.A919579\Samantha\iamanarcpygenius\data\output\pdf
[2024-10-25 17:53:50] Output: 2024-10-25 17:53:48,418 - scripts.helpers.verify_setup - INFO - \u2713 Directory exists: C:\Users\A.A919579\Samantha\iamanarcpygenius\data\output\logs
[2024-10-25 17:53:50] Output: 2024-10-25 17:53:48,419 - scripts.helpers.verify_setup - ERROR - \u2717 Some verification checks failed
[2024-10-25 17:53:50] Output: Environment verification failed. Check the logs for details.
[2024-10-25 17:55:16] Command: python -m pip list | findstr "pytest"
[2024-10-25 17:55:18] Output: pytest                            7.4.4
[2024-10-25 17:55:19] Output: pytest-cov                        4.1.0
[2024-10-25 17:55:19] Command: python -m pip list | findstr "pytest"
[2024-10-25 17:55:22] Output: pytest                            7.4.4
[2024-10-25 17:55:23] Output: pytest-cov                        4.1.0
[2024-10-25 17:55:53] Command: python -m pip install --force-reinstall pytest pytest-cov
[2024-10-25 17:55:55] Output: Collecting pytest
[2024-10-25 17:55:55] Output: Downloading pytest-7.4.4-py3-none-any.whl.metadata (7.9 kB)
[2024-10-25 17:55:56] Output: Collecting pytest-cov
[2024-10-25 17:55:56] Output: Downloading pytest_cov-4.1.0-py3-none-any.whl.metadata (26 kB)
[2024-10-25 17:55:57] Output: Collecting iniconfig (from pytest)
[2024-10-25 17:55:57] Output: Downloading iniconfig-2.0.0-py3-none-any.whl.metadata (2.6 kB)
[2024-10-25 17:55:57] Output: Collecting packaging (from pytest)
[2024-10-25 17:55:58] Output: Downloading packaging-24.0-py3-none-any.whl.metadata (3.2 kB)
[2024-10-25 17:55:58] Output: Collecting pluggy<2.0,>=0.12 (from pytest)
[2024-10-25 17:55:58] Output: Downloading pluggy-1.2.0-py3-none-any.whl.metadata (4.4 kB)
[2024-10-25 17:55:59] Output: Collecting exceptiongroup>=1.0.0rc8 (from pytest)
[2024-10-25 17:55:59] Output: Downloading exceptiongroup-1.2.2-py3-none-any.whl.metadata (6.6 kB)
[2024-10-25 17:56:00] Output: Collecting tomli>=1.0.0 (from pytest)
[2024-10-25 17:56:00] Output: Downloading tomli-2.0.1-py3-none-any.whl.metadata (8.9 kB)
[2024-10-25 17:56:00] Output: Collecting importlib-metadata>=0.12 (from pytest)
[2024-10-25 17:56:00] Output: Downloading importlib_metadata-6.7.0-py3-none-any.whl.metadata (4.9 kB)
[2024-10-25 17:56:01] Output: Collecting colorama (from pytest)
[2024-10-25 17:56:01] Output: Downloading colorama-0.4.6-py2.py3-none-any.whl.metadata (17 kB)
[2024-10-25 17:56:01] Output: Collecting coverage>=5.2.1 (from coverage[toml]>=5.2.1->pytest-cov)
[2024-10-25 17:56:01] Output: Downloading coverage-7.2.7-cp37-cp37m-win_amd64.whl.metadata (9.9 kB)
[2024-10-25 17:56:02] Output: Collecting zipp>=0.5 (from importlib-metadata>=0.12->pytest)
[2024-10-25 17:56:02] Output: Downloading zipp-3.15.0-py3-none-any.whl.metadata (3.7 kB)
[2024-10-25 17:56:03] Output: Collecting typing-extensions>=3.6.4 (from importlib-metadata>=0.12->pytest)
[2024-10-25 17:56:03] Output: Downloading typing_extensions-4.7.1-py3-none-any.whl.metadata (3.1 kB)
[2024-10-25 17:56:03] Output: Downloading pytest-7.4.4-py3-none-any.whl (325 kB)
[2024-10-25 17:56:04] Output: ---------------------------------------- 325.3/325.3 kB 1.1 MB/s eta 0:00:00
[2024-10-25 17:56:04] Output: Downloading pytest_cov-4.1.0-py3-none-any.whl (21 kB)
[2024-10-25 17:56:04] Output: Downloading coverage-7.2.7-cp37-cp37m-win_amd64.whl (204 kB)
[2024-10-25 17:56:05] Output: ---------------------------------------- 204.0/204.0 kB 3.1 MB/s eta 0:00:00
[2024-10-25 17:56:05] Output: Downloading exceptiongroup-1.2.2-py3-none-any.whl (16 kB)
[2024-10-25 17:56:06] Output: Downloading importlib_metadata-6.7.0-py3-none-any.whl (22 kB)
[2024-10-25 17:56:06] Output: Downloading pluggy-1.2.0-py3-none-any.whl (17 kB)
[2024-10-25 17:56:06] Output: Downloading tomli-2.0.1-py3-none-any.whl (12 kB)
[2024-10-25 17:56:07] Output: Downloading colorama-0.4.6-py2.py3-none-any.whl (25 kB)
[2024-10-25 17:56:07] Output: Downloading iniconfig-2.0.0-py3-none-any.whl (5.9 kB)
[2024-10-25 17:56:07] Output: Downloading packaging-24.0-py3-none-any.whl (53 kB)
[2024-10-25 17:56:08] Output: ---------------------------------------- 53.5/53.5 kB 2.7 MB/s eta 0:00:00
[2024-10-25 17:56:09] Output: Downloading typing_extensions-4.7.1-py3-none-any.whl (33 kB)
[2024-10-25 17:56:09] Output: Downloading zipp-3.15.0-py3-none-any.whl (6.8 kB)
[2024-10-25 17:56:10] Output: DEPRECATION: pyodbc 4.0.0-unsupported has a non-standard version number. pip 24.1 will enforce this behaviour change. A possible replacement is to upgrade to a newer version of pyodbc or contact the author to suggest that they release a version with a conforming version number. Discussion can be found at https://github.com/pypa/pip/issues/12063
[2024-10-25 17:56:11] Output: Installing collected packages: zipp, typing-extensions, tomli, packaging, iniconfig, exceptiongroup, coverage, colorama, importlib-metadata, pluggy, pytest, pytest-cov
[2024-10-25 17:56:11] Output: Attempting uninstall: zipp
[2024-10-25 17:56:11] Output: Found existing installation: zipp 3.4.1
[2024-10-25 17:56:12] Output: Uninstalling zipp-3.4.1:
[2024-10-25 17:56:13] Output: Successfully uninstalled zipp-3.4.1
[2024-10-25 17:56:13] Output: Attempting uninstall: typing-extensions
[2024-10-25 17:56:14] Output: Found existing installation: typing-extensions 3.7.4.3
[2024-10-25 17:56:15] Output: Uninstalling typing-extensions-3.7.4.3:
[2024-10-25 17:56:16] Output: Successfully uninstalled typing-extensions-3.7.4.3
[2024-10-25 17:56:17] Output: Attempting uninstall: packaging
[2024-10-25 17:56:17] Output: Found existing installation: packaging 20.9
[2024-10-25 17:56:17] Output: Uninstalling packaging-20.9:
[2024-10-25 17:56:18] Output: Successfully uninstalled packaging-20.9
[2024-10-25 17:56:18] Output: Attempting uninstall: iniconfig
[2024-10-25 17:56:18] Output: Found existing installation: iniconfig 1.1.1
[2024-10-25 17:56:18] Output: Uninstalling iniconfig-1.1.1:
[2024-10-25 17:56:19] Output: Successfully uninstalled iniconfig-1.1.1
[2024-10-25 17:56:19] Output: Attempting uninstall: colorama
[2024-10-25 17:56:19] Output: Found existing installation: colorama 0.4.4
[2024-10-25 17:56:19] Output: Uninstalling colorama-0.4.4:
[2024-10-25 17:56:20] Output: Successfully uninstalled colorama-0.4.4
[2024-10-25 17:56:20] Output: Attempting uninstall: importlib-metadata
[2024-10-25 17:56:20] Output: Found existing installation: importlib-metadata 3.7.3
[2024-10-25 17:56:20] Output: Uninstalling importlib-metadata-3.7.3:
[2024-10-25 17:56:21] Output: Successfully uninstalled importlib-metadata-3.7.3
[2024-10-25 17:56:21] Output: Attempting uninstall: pluggy
[2024-10-25 17:56:21] Output: Found existing installation: pluggy 0.13.1
[2024-10-25 17:56:22] Output: Uninstalling pluggy-0.13.1:
[2024-10-25 17:56:22] Output: Successfully uninstalled pluggy-0.13.1
[2024-10-25 17:56:22] Output: Attempting uninstall: pytest
[2024-10-25 17:56:23] Output: Found existing installation: pytest 7.4.4
[2024-10-25 17:56:23] Output: Uninstalling pytest-7.4.4:
[2024-10-25 17:56:23] Output: Successfully uninstalled pytest-7.4.4
[2024-10-25 17:56:24] Output: Attempting uninstall: pytest-cov
[2024-10-25 17:56:25] Output: Found existing installation: pytest-cov 4.1.0
[2024-10-25 17:56:25] Output: Uninstalling pytest-cov-4.1.0:
[2024-10-25 17:56:25] Output: Successfully uninstalled pytest-cov-4.1.0
[2024-10-25 17:56:26] Output: ERROR: pip's dependency resolver does not currently take into account all the packages that are installed. This behaviour is the source of the following dependency conflicts.
[2024-10-25 17:56:26] Output: flake8 3.9.0 requires pycodestyle<2.8.0,>=2.7.0, but you have pycodestyle 2.6.0 which is incompatible.
[2024-10-25 17:56:27] Output: flake8 3.9.0 requires pyflakes<2.4.0,>=2.3.0, but you have pyflakes 2.2.0 which is incompatible.
[2024-10-25 17:56:27] Output: Successfully installed colorama-0.4.6 coverage-7.2.7 exceptiongroup-1.2.2 importlib-metadata-6.7.0 iniconfig-2.0.0 packaging-24.0 pluggy-1.2.0 pytest-7.4.4 pytest-cov-4.1.0 tomli-2.0.1 typing-extensions-4.7.1 zipp-3.15.0
